<?xml version="1.0" encoding="UTF-8"?>
<!-- Generated by org.testng.reporters.JUnitReportReporter -->
<testsuite hostname="N11096" failures="0" tests="1" name="com.extent.ExtentTest2" time="1.733" errors="0" timestamp="2021-07-14T08:21:52 IST" skipped="0">
  <testcase classname="com.extent.ExtentTest2" name="Test" time="1.733"/>
  <system-out/>
</testsuite> <!-- com.extent.ExtentTest2 -->
