<?xml version="1.0" encoding="UTF-8"?>
<!-- Generated by org.testng.reporters.JUnitReportReporter -->
<testsuite hostname="N11096" failures="0" tests="1" name="com.extent.ExtentTest" time="3.652" errors="0" timestamp="2021-07-14T07:03:01 IST" skipped="0">
  <testcase classname="com.extent.ExtentTest" name="Test" time="3.652"/>
  <system-out/>
</testsuite> <!-- com.extent.ExtentTest -->
