<?xml version="1.0" encoding="UTF-8"?>
<!-- Generated by org.testng.reporters.JUnitReportReporter -->
<testsuite hostname="N11096" failures="0" tests="1" name="com.extent.CustomLogoExtentTest" time="2.715" errors="0" timestamp="2021-07-14T08:20:04 IST" skipped="0">
  <testcase classname="com.extent.CustomLogoExtentTest" name="Test" time="2.715"/>
  <system-out/>
</testsuite> <!-- com.extent.CustomLogoExtentTest -->
